app/build/outputs/logs/manifest-merger-debug-report.txt
-- Merging decision tree log ---
manifest
ADDED from src\main\AndroidManifest.xml:2:1-264:12
INJECTED from src\main\AndroidManifest.xml:2:1-264:12
INJECTED from src\main\AndroidManifest.xml:2:1-264:12
INJECTED from src\main\AndroidManifest.xml:2:1-264:12
MERGED from [com.android.support:appcompat-v7:27.0.2] AndroidManifest.xml:17:1-22:12
MERGED from [com.android.support:support-v4:27.0.2] AndroidManifest.xml:17:1-22:12
MERGED from [com.android.support:support-fragment:27.0.2] AndroidManifest.xml:17:1-22:12
MERGED from [com.android.support:support-core-utils:27.0.2] AndroidManifest.xml:17:1-22:12
MERGED from [com.android.support:animated-vector-drawable:27.0.2] AndroidManifest.xml:17:1-22:12
MERGED from [com.android.support:support-vector-drawable:27.0.2] AndroidManifest.xml:17:1-22:12
MERGED from [com.android.support:support-media-compat:27.0.2] AndroidManifest.xml:17:1-22:12
MERGED from [com.android.support:support-core-ui:27.0.2] AndroidManifest.xml:17:1-22:12
MERGED from [com.android.support:support-compat:27.0.2] AndroidManifest.xml:17:1-22:12
MERGED from [android.arch.lifecycle:runtime:1.0.3] AndroidManifest.xml:17:1-24:12
INJECTED from src\main\AndroidManifest.xml:2:1-264:12
INJECTED from src\main\AndroidManifest.xml:2:1-264:12
INJECTED from src\main\AndroidManifest.xml:2:1-264:12
	package
		ADDED from src\main\AndroidManifest.xml:3:5-39
		INJECTED from src\main\AndroidManifest.xml
		INJECTED from src\main\AndroidManifest.xml
	android:versionName
		ADDED from src\main\AndroidManifest.xml:5:5-32
		INJECTED from src\main\AndroidManifest.xml
		INJECTED from src\main\AndroidManifest.xml
	xmlns:android
		ADDED from src\main\AndroidManifest.xml:2:11-69
	android:versionCode
		ADDED from src\main\AndroidManifest.xml:4:5-29
		INJECTED from src\main\AndroidManifest.xml
		INJECTED from src\main\AndroidManifest.xml
uses-permission#android.permission.READ_SMS
ADDED from src\main\AndroidManifest.xml:7:5-67
	android:name
		ADDED from src\main\AndroidManifest.xml:7:22-64
uses-permission#android.permission.WRITE_SMS
ADDED from src\main\AndroidManifest.xml:8:5-68
	android:name
		ADDED from src\main\AndroidManifest.xml:8:22-65
uses-permission#android.permission.SEND_SMS
ADDED from src\main\AndroidManifest.xml:9:5-66
	android:name
		ADDED from src\main\AndroidManifest.xml:9:22-64
uses-permission#android.permission.RECEIVE_SMS
ADDED from src\main\AndroidManifest.xml:10:5-69
	android:name
		ADDED from src\main\AndroidManifest.xml:10:22-67
uses-permission#android.permission.READ_CONTACTS
ADDED from src\main\AndroidManifest.xml:11:5-72
	android:name
		ADDED from src\main\AndroidManifest.xml:11:22-69
uses-permission#android.permission.WRITE_CONTACTS
ADDED from src\main\AndroidManifest.xml:12:5-73
	android:name
		ADDED from src\main\AndroidManifest.xml:12:22-70
uses-permission#android.permission.READ_LOGS
ADDED from src\main\AndroidManifest.xml:13:5-67
	android:name
		ADDED from src\main\AndroidManifest.xml:13:22-65
uses-permission#android.permission.READ_CALL_LOG
ADDED from src\main\AndroidManifest.xml:14:5-71
	android:name
		ADDED from src\main\AndroidManifest.xml:14:22-69
uses-permission#android.permission.WRITE_CALL_LOG
ADDED from src\main\AndroidManifest.xml:15:5-72
	android:name
		ADDED from src\main\AndroidManifest.xml:15:22-70
uses-permission#android.permission.CALL_PHONE
ADDED from src\main\AndroidManifest.xml:16:5-69
	android:name
		ADDED from src\main\AndroidManifest.xml:16:22-66
uses-permission#android.permission.RECORD_AUDIO
ADDED from src\main\AndroidManifest.xml:17:5-71
	android:name
		ADDED from src\main\AndroidManifest.xml:17:22-68
uses-permission#android.permission.MODIFY_AUDIO_SETTINGS
ADDED from src\main\AndroidManifest.xml:18:5-80
	android:name
		ADDED from src\main\AndroidManifest.xml:18:22-77
uses-permission#android.permission.VIBRATE
ADDED from src\main\AndroidManifest.xml:19:5-65
	android:name
		ADDED from src\main\AndroidManifest.xml:19:22-63
uses-permission#android.permission.PROCESS_OUTGOING_CALLS
ADDED from src\main\AndroidManifest.xml:20:5-80
	android:name
		ADDED from src\main\AndroidManifest.xml:20:22-78
uses-permission#android.permission.READ_PHONE_STATE
ADDED from src\main\AndroidManifest.xml:21:5-75
	android:name
		ADDED from src\main\AndroidManifest.xml:21:22-72
uses-permission#android.permission.INTERNET
ADDED from src\main\AndroidManifest.xml:22:5-67
	android:name
		ADDED from src\main\AndroidManifest.xml:22:22-64
uses-permission#android.permission.ACCESS_NETWORK_STATE
ADDED from src\main\AndroidManifest.xml:23:5-78
	android:name
		ADDED from src\main\AndroidManifest.xml:23:22-76
uses-permission#android.permission.CHANGE_WIFI_STATE
ADDED from src\main\AndroidManifest.xml:24:5-75
	android:name
		ADDED from src\main\AndroidManifest.xml:24:22-73
uses-permission#android.permission.ACCESS_WIFI_STATE
ADDED from src\main\AndroidManifest.xml:25:5-75
	android:name
		ADDED from src\main\AndroidManifest.xml:25:22-73
uses-permission#android.permission.WRITE_SETTINGS
ADDED from src\main\AndroidManifest.xml:26:5-72
	android:name
		ADDED from src\main\AndroidManifest.xml:26:22-70
uses-permission#android.permission.WRITE_EXTERNAL_STORAGE
ADDED from src\main\AndroidManifest.xml:27:5-81
	android:name
		ADDED from src\main\AndroidManifest.xml:27:22-78
uses-permission#android.permission.READ_EXTERNAL_STORAGE
ADDED from src\main\AndroidManifest.xml:28:5-80
	android:name
		ADDED from src\main\AndroidManifest.xml:28:22-77
uses-permission#android.permission.GET_TASKS
ADDED from src\main\AndroidManifest.xml:29:5-67
	android:name
		ADDED from src\main\AndroidManifest.xml:29:22-65
uses-permission#android.permission.WAKE_LOCK
ADDED from src\main\AndroidManifest.xml:30:5-68
	android:name
		ADDED from src\main\AndroidManifest.xml:30:22-65
uses-permission#android.permission.SYSTEM_ALERT_WINDOW
ADDED from src\main\AndroidManifest.xml:31:5-77
	android:name
		ADDED from src\main\AndroidManifest.xml:31:22-75
uses-permission#android.permission.BLUETOOTH
ADDED from src\main\AndroidManifest.xml:32:2-64
	android:name
		ADDED from src\main\AndroidManifest.xml:32:19-62
uses-permission#android.permission.BLUETOOTH_ADMIN
ADDED from src\main\AndroidManifest.xml:33:2-70
	android:name
		ADDED from src\main\AndroidManifest.xml:33:19-68
uses-feature#android.hardware.bluetooth
ADDED from src\main\AndroidManifest.xml:35:2-85
	android:required
		ADDED from src\main\AndroidManifest.xml:35:58-82
	android:name
		ADDED from src\main\AndroidManifest.xml:35:16-57
uses-feature#android.hardware.telephony
ADDED from src\main\AndroidManifest.xml:36:5-87
	android:required
		ADDED from src\main\AndroidManifest.xml:36:61-85
	android:name
		ADDED from src\main\AndroidManifest.xml:36:19-60
uses-feature#android.hardware.microphone
ADDED from src\main\AndroidManifest.xml:37:2-85
	android:required
		ADDED from src\main\AndroidManifest.xml:37:59-83
	android:name
		ADDED from src\main\AndroidManifest.xml:37:16-58
supports-screens
ADDED from src\main\AndroidManifest.xml:39:5-44:41
	android:largeScreens
		ADDED from src\main\AndroidManifest.xml:42:14-41
	android:smallScreens
		ADDED from src\main\AndroidManifest.xml:40:14-41
	android:normalScreens
		ADDED from src\main\AndroidManifest.xml:41:14-42
	android:xlargeScreens
		ADDED from src\main\AndroidManifest.xml:43:14-42
	android:resizeable
		ADDED from src\main\AndroidManifest.xml:39:23-48
	android:anyDensity
		ADDED from src\main\AndroidManifest.xml:44:14-39
application
ADDED from src\main\AndroidManifest.xml:46:5-263:19
	android:label
		ADDED from src\main\AndroidManifest.xml:49:9-41
	android:icon
		ADDED from src\main\AndroidManifest.xml:48:9-45
	android:allowBackup
		ADDED from src\main\AndroidManifest.xml:47:9-35
	android:theme
		ADDED from src\main\AndroidManifest.xml:50:9-40
activity#org.project.harsh.fblind.Main
ADDED from src\main\AndroidManifest.xml:52:9-64:20
	android:label
		ADDED from src\main\AndroidManifest.xml:54:13-56
	android:launchMode
		ADDED from src\main\AndroidManifest.xml:53:13-44
	android:configChanges
		ADDED from src\main\AndroidManifest.xml:56:13-74
	android:theme
		ADDED from src\main\AndroidManifest.xml:57:13-71
	android:name
		ADDED from src\main\AndroidManifest.xml:55:13-57
intent-filter#android.intent.action.MAIN+android.intent.category.DEFAULT+android.intent.category.HOME+android.intent.category.LAUNCHER
ADDED from src\main\AndroidManifest.xml:58:13-63:29
action#android.intent.action.MAIN
ADDED from src\main\AndroidManifest.xml:59:17-69
	android:name
		ADDED from src\main\AndroidManifest.xml:59:25-66
category#android.intent.category.DEFAULT
ADDED from src\main\AndroidManifest.xml:60:14-73
	android:name
		ADDED from src\main\AndroidManifest.xml:60:24-70
category#android.intent.category.HOME
ADDED from src\main\AndroidManifest.xml:61:14-70
	android:name
		ADDED from src\main\AndroidManifest.xml:61:24-67
category#android.intent.category.LAUNCHER
ADDED from src\main\AndroidManifest.xml:62:17-77
	android:name
		ADDED from src\main\AndroidManifest.xml:62:27-74
activity#org.project.harsh.fblind.Browser
ADDED from src\main\AndroidManifest.xml:69:9-74:73
	android:label
		ADDED from src\main\AndroidManifest.xml:71:13-56
	android:launchMode
		ADDED from src\main\AndroidManifest.xml:70:13-44
	android:configChanges
		ADDED from src\main\AndroidManifest.xml:73:13-74
	android:theme
		ADDED from src\main\AndroidManifest.xml:74:13-71
	android:name
		ADDED from src\main\AndroidManifest.xml:72:13-60
activity#org.project.harsh.fblind.Settings
ADDED from src\main\AndroidManifest.xml:75:9-80:73
	android:label
		ADDED from src\main\AndroidManifest.xml:77:13-56
	android:launchMode
		ADDED from src\main\AndroidManifest.xml:76:13-44
	android:configChanges
		ADDED from src\main\AndroidManifest.xml:79:13-74
	android:theme
		ADDED from src\main\AndroidManifest.xml:80:13-71
	android:name
		ADDED from src\main\AndroidManifest.xml:78:13-61
activity#org.project.harsh.fblind.MusicPlayer
ADDED from src\main\AndroidManifest.xml:82:9-87:73
	android:label
		ADDED from src\main\AndroidManifest.xml:84:13-56
	android:launchMode
		ADDED from src\main\AndroidManifest.xml:83:13-44
	android:configChanges
		ADDED from src\main\AndroidManifest.xml:86:13-74
	android:theme
		ADDED from src\main\AndroidManifest.xml:87:13-71
	android:name
		ADDED from src\main\AndroidManifest.xml:85:13-64
activity#org.project.harsh.fblind.Messages
ADDED from src\main\AndroidManifest.xml:90:9-95:73
	android:label
		ADDED from src\main\AndroidManifest.xml:92:13-56
	android:launchMode
		ADDED from src\main\AndroidManifest.xml:91:13-44
	android:configChanges
		ADDED from src\main\AndroidManifest.xml:94:13-74
	android:theme
		ADDED from src\main\AndroidManifest.xml:95:13-71
	android:name
		ADDED from src\main\AndroidManifest.xml:93:13-61
activity#org.project.harsh.fblind.MessagesInbox
ADDED from src\main\AndroidManifest.xml:97:9-102:73
	android:label
		ADDED from src\main\AndroidManifest.xml:99:13-56
	android:launchMode
		ADDED from src\main\AndroidManifest.xml:98:13-44
	android:configChanges
		ADDED from src\main\AndroidManifest.xml:101:13-74
	android:theme
		ADDED from src\main\AndroidManifest.xml:102:13-71
	android:name
		ADDED from src\main\AndroidManifest.xml:100:13-66
activity#org.project.harsh.fblind.MessagesSent
ADDED from src\main\AndroidManifest.xml:104:9-109:73
	android:label
		ADDED from src\main\AndroidManifest.xml:106:13-56
	android:launchMode
		ADDED from src\main\AndroidManifest.xml:105:13-44
	android:configChanges
		ADDED from src\main\AndroidManifest.xml:108:13-74
	android:theme
		ADDED from src\main\AndroidManifest.xml:109:13-71
	android:name
		ADDED from src\main\AndroidManifest.xml:107:13-65
activity#org.project.harsh.fblind.MessagesSentDeleteAll
ADDED from src\main\AndroidManifest.xml:111:9-116:73
	android:label
		ADDED from src\main\AndroidManifest.xml:113:13-56
	android:launchMode
		ADDED from src\main\AndroidManifest.xml:112:13-44
	android:configChanges
		ADDED from src\main\AndroidManifest.xml:115:13-74
	android:theme
		ADDED from src\main\AndroidManifest.xml:116:13-71
	android:name
		ADDED from src\main\AndroidManifest.xml:114:13-74
activity#org.project.harsh.fblind.MessagesCompose
ADDED from src\main\AndroidManifest.xml:118:9-123:73
	android:label
		ADDED from src\main\AndroidManifest.xml:120:13-56
	android:launchMode
		ADDED from src\main\AndroidManifest.xml:119:13-44
	android:configChanges
		ADDED from src\main\AndroidManifest.xml:122:13-74
	android:theme
		ADDED from src\main\AndroidManifest.xml:123:13-71
	android:name
		ADDED from src\main\AndroidManifest.xml:121:13-68
activity#org.project.harsh.fblind.MessagesDelete
ADDED from src\main\AndroidManifest.xml:125:9-130:73
	android:label
		ADDED from src\main\AndroidManifest.xml:127:13-56
	android:launchMode
		ADDED from src\main\AndroidManifest.xml:126:13-44
	android:configChanges
		ADDED from src\main\AndroidManifest.xml:129:13-74
	android:theme
		ADDED from src\main\AndroidManifest.xml:130:13-71
	android:name
		ADDED from src\main\AndroidManifest.xml:128:13-67
activity#org.project.harsh.fblind.MessagesInboxDeleteAll
ADDED from src\main\AndroidManifest.xml:132:9-137:73
	android:label
		ADDED from src\main\AndroidManifest.xml:134:13-56
	android:launchMode
		ADDED from src\main\AndroidManifest.xml:133:13-44
	android:configChanges
		ADDED from src\main\AndroidManifest.xml:136:13-74
	android:theme
		ADDED from src\main\AndroidManifest.xml:137:13-71
	android:name
		ADDED from src\main\AndroidManifest.xml:135:13-75
activity#org.project.harsh.fblind.Calls
ADDED from src\main\AndroidManifest.xml:139:9-144:73
	android:label
		ADDED from src\main\AndroidManifest.xml:141:13-56
	android:launchMode
		ADDED from src\main\AndroidManifest.xml:140:13-44
	android:configChanges
		ADDED from src\main\AndroidManifest.xml:143:13-74
	android:theme
		ADDED from src\main\AndroidManifest.xml:144:13-71
	android:name
		ADDED from src\main\AndroidManifest.xml:142:13-58
activity#org.project.harsh.fblind.CallsMake
ADDED from src\main\AndroidManifest.xml:146:9-151:73
	android:label
		ADDED from src\main\AndroidManifest.xml:148:13-56
	android:launchMode
		ADDED from src\main\AndroidManifest.xml:147:13-44
	android:configChanges
		ADDED from src\main\AndroidManifest.xml:150:13-74
	android:theme
		ADDED from src\main\AndroidManifest.xml:151:13-71
	android:name
		ADDED from src\main\AndroidManifest.xml:149:13-62
activity#org.project.harsh.fblind.CallsLogs
ADDED from src\main\AndroidManifest.xml:153:9-158:73
	android:label
		ADDED from src\main\AndroidManifest.xml:155:13-56
	android:launchMode
		ADDED from src\main\AndroidManifest.xml:154:13-44
	android:configChanges
		ADDED from src\main\AndroidManifest.xml:157:13-74
	android:theme
		ADDED from src\main\AndroidManifest.xml:158:13-71
	android:name
		ADDED from src\main\AndroidManifest.xml:156:13-62
activity#org.project.harsh.fblind.CallsLogsDelete
ADDED from src\main\AndroidManifest.xml:160:9-165:73
	android:label
		ADDED from src\main\AndroidManifest.xml:162:13-56
	android:launchMode
		ADDED from src\main\AndroidManifest.xml:161:13-44
	android:configChanges
		ADDED from src\main\AndroidManifest.xml:164:13-74
	android:theme
		ADDED from src\main\AndroidManifest.xml:165:13-71
	android:name
		ADDED from src\main\AndroidManifest.xml:163:13-68
activity#org.project.harsh.fblind.Contacts
ADDED from src\main\AndroidManifest.xml:167:9-172:73
	android:label
		ADDED from src\main\AndroidManifest.xml:169:13-56
	android:launchMode
		ADDED from src\main\AndroidManifest.xml:168:13-44
	android:configChanges
		ADDED from src\main\AndroidManifest.xml:171:13-74
	android:theme
		ADDED from src\main\AndroidManifest.xml:172:13-71
	android:name
		ADDED from src\main\AndroidManifest.xml:170:13-61
activity#org.project.harsh.fblind.ContactsCreate
ADDED from src\main\AndroidManifest.xml:174:9-179:73
	android:label
		ADDED from src\main\AndroidManifest.xml:176:13-56
	android:launchMode
		ADDED from src\main\AndroidManifest.xml:175:13-44
	android:configChanges
		ADDED from src\main\AndroidManifest.xml:178:13-74
	android:theme
		ADDED from src\main\AndroidManifest.xml:179:13-71
	android:name
		ADDED from src\main\AndroidManifest.xml:177:13-67
activity#org.project.harsh.fblind.ContactsDelete
ADDED from src\main\AndroidManifest.xml:181:9-186:73
	android:label
		ADDED from src\main\AndroidManifest.xml:183:13-56
	android:launchMode
		ADDED from src\main\AndroidManifest.xml:182:13-44
	android:configChanges
		ADDED from src\main\AndroidManifest.xml:185:13-74
	android:theme
		ADDED from src\main\AndroidManifest.xml:186:13-71
	android:name
		ADDED from src\main\AndroidManifest.xml:184:13-67
activity#org.project.harsh.fblind.ContactsList
ADDED from src\main\AndroidManifest.xml:188:9-193:73
	android:label
		ADDED from src\main\AndroidManifest.xml:190:13-56
	android:launchMode
		ADDED from src\main\AndroidManifest.xml:189:13-44
	android:configChanges
		ADDED from src\main\AndroidManifest.xml:192:13-74
	android:theme
		ADDED from src\main\AndroidManifest.xml:193:13-71
	android:name
		ADDED from src\main\AndroidManifest.xml:191:13-65
activity#org.project.harsh.fblind.InputKeyboard
ADDED from src\main\AndroidManifest.xml:195:9-200:73
	android:label
		ADDED from src\main\AndroidManifest.xml:197:13-56
	android:launchMode
		ADDED from src\main\AndroidManifest.xml:196:13-44
	android:configChanges
		ADDED from src\main\AndroidManifest.xml:199:13-74
	android:theme
		ADDED from src\main\AndroidManifest.xml:200:13-71
	android:name
		ADDED from src\main\AndroidManifest.xml:198:13-66
activity#org.project.harsh.fblind.InputKeyboardTalkback
ADDED from src\main\AndroidManifest.xml:202:9-208:57
	android:label
		ADDED from src\main\AndroidManifest.xml:204:13-56
	android:launchMode
		ADDED from src\main\AndroidManifest.xml:203:13-44
	android:windowSoftInputMode
		ADDED from src\main\AndroidManifest.xml:208:13-55
	android:configChanges
		ADDED from src\main\AndroidManifest.xml:206:13-74
	android:theme
		ADDED from src\main\AndroidManifest.xml:207:13-71
	android:name
		ADDED from src\main\AndroidManifest.xml:205:13-74
activity#org.project.harsh.fblind.InputVoice
ADDED from src\main\AndroidManifest.xml:210:9-215:73
	android:label
		ADDED from src\main\AndroidManifest.xml:212:13-56
	android:launchMode
		ADDED from src\main\AndroidManifest.xml:211:13-44
	android:configChanges
		ADDED from src\main\AndroidManifest.xml:214:13-74
	android:theme
		ADDED from src\main\AndroidManifest.xml:215:13-71
	android:name
		ADDED from src\main\AndroidManifest.xml:213:13-63
service#org.project.harsh.fblind.BlindCommunicatorService
ADDED from src\main\AndroidManifest.xml:217:9-107
	android:enabled
		ADDED from src\main\AndroidManifest.xml:217:18-40
	android:name
		ADDED from src\main\AndroidManifest.xml:217:41-105
receiver#org.project.harsh.fblind.SmsReceiver
ADDED from src\main\AndroidManifest.xml:220:9-225:20
	android:permission
		ADDED from src\main\AndroidManifest.xml:221:17-70
	android:name
		ADDED from src\main\AndroidManifest.xml:220:19-46
intent-filter#android.provider.Telephony.SMS_DELIVER
ADDED from src\main\AndroidManifest.xml:222:13-224:29
action#android.provider.Telephony.SMS_DELIVER
ADDED from src\main\AndroidManifest.xml:223:17-81
	android:name
		ADDED from src\main\AndroidManifest.xml:223:25-78
receiver#org.project.harsh.fblind.MmsReceiver
ADDED from src\main\AndroidManifest.xml:228:9-234:20
	android:permission
		ADDED from src\main\AndroidManifest.xml:229:13-71
	android:name
		ADDED from src\main\AndroidManifest.xml:228:19-46
intent-filter#android.provider.Telephony.WAP_PUSH_DELIVER
ADDED from src\main\AndroidManifest.xml:230:13-233:29
action#android.provider.Telephony.WAP_PUSH_DELIVER
ADDED from src\main\AndroidManifest.xml:231:17-86
	android:name
		ADDED from src\main\AndroidManifest.xml:231:25-83
data
ADDED from src\main\AndroidManifest.xml:232:17-76
	android:scheme
		ADDED from src\main\AndroidManifest.xml:243:23-43
	android:mimeType
		ADDED from src\main\AndroidManifest.xml:232:23-73
activity#org.project.harsh.fblind.ComposeSmsActivity
ADDED from src\main\AndroidManifest.xml:237:9-248:20
	android:name
		ADDED from src\main\AndroidManifest.xml:237:19-53
intent-filter#android.intent.action.SEND+android.intent.action.SENDTO+android.intent.category.BROWSABLE+android.intent.category.DEFAULT
ADDED from src\main\AndroidManifest.xml:238:13-247:29
action#android.intent.action.SEND
ADDED from src\main\AndroidManifest.xml:239:17-69
	android:name
		ADDED from src\main\AndroidManifest.xml:239:25-66
action#android.intent.action.SENDTO
ADDED from src\main\AndroidManifest.xml:240:17-71
	android:name
		ADDED from src\main\AndroidManifest.xml:240:25-68
category#android.intent.category.BROWSABLE
ADDED from src\main\AndroidManifest.xml:242:17-78
	android:name
		ADDED from src\main\AndroidManifest.xml:242:27-75
service#org.project.harsh.fblind.HeadlessSmsSendService
ADDED from src\main\AndroidManifest.xml:251:9-262:19
	android:exported
		ADDED from src\main\AndroidManifest.xml:253:18-41
	android:permission
		ADDED from src\main\AndroidManifest.xml:252:18-82
	android:name
		ADDED from src\main\AndroidManifest.xml:251:18-56
intent-filter#android.intent.action.RESPOND_VIA_MESSAGE+android.intent.category.DEFAULT
ADDED from src\main\AndroidManifest.xml:254:13-261:29
action#android.intent.action.RESPOND_VIA_MESSAGE
ADDED from src\main\AndroidManifest.xml:255:17-84
	android:name
		ADDED from src\main\AndroidManifest.xml:255:25-81
uses-sdk
INJECTED from src\main\AndroidManifest.xml reason: use-sdk injection requested
INJECTED from src\main\AndroidManifest.xml
INJECTED from src\main\AndroidManifest.xml
MERGED from [com.android.support:appcompat-v7:27.0.2] AndroidManifest.xml:20:5-44
MERGED from [com.android.support:appcompat-v7:27.0.2] AndroidManifest.xml:20:5-44
MERGED from [com.android.support:support-v4:27.0.2] AndroidManifest.xml:20:5-44
MERGED from [com.android.support:support-v4:27.0.2] AndroidManifest.xml:20:5-44
MERGED from [com.android.support:support-fragment:27.0.2] AndroidManifest.xml:20:5-44
MERGED from [com.android.support:support-fragment:27.0.2] AndroidManifest.xml:20:5-44
MERGED from [com.android.support:support-core-utils:27.0.2] AndroidManifest.xml:20:5-44
MERGED from [com.android.support:support-core-utils:27.0.2] AndroidManifest.xml:20:5-44
MERGED from [com.android.support:animated-vector-drawable:27.0.2] AndroidManifest.xml:20:5-44
MERGED from [com.android.support:animated-vector-drawable:27.0.2] AndroidManifest.xml:20:5-44
MERGED from [com.android.support:support-vector-drawable:27.0.2] AndroidManifest.xml:20:5-44
MERGED from [com.android.support:support-vector-drawable:27.0.2] AndroidManifest.xml:20:5-44
MERGED from [com.android.support:support-media-compat:27.0.2] AndroidManifest.xml:20:5-44
MERGED from [com.android.support:support-media-compat:27.0.2] AndroidManifest.xml:20:5-44
MERGED from [com.android.support:support-core-ui:27.0.2] AndroidManifest.xml:20:5-44
MERGED from [com.android.support:support-core-ui:27.0.2] AndroidManifest.xml:20:5-44
MERGED from [com.android.support:support-compat:27.0.2] AndroidManifest.xml:20:5-44
MERGED from [com.android.support:support-compat:27.0.2] AndroidManifest.xml:20:5-44
MERGED from [android.arch.lifecycle:runtime:1.0.3] AndroidManifest.xml:20:5-22:41
MERGED from [android.arch.lifecycle:runtime:1.0.3] AndroidManifest.xml:20:5-22:41
INJECTED from src\main\AndroidManifest.xml
INJECTED from src\main\AndroidManifest.xml
	android:targetSdkVersion
		INJECTED from src\main\AndroidManifest.xml
		ADDED from src\main\AndroidManifest.xml
		INJECTED from src\main\AndroidManifest.xml
	android:minSdkVersion
		INJECTED from src\main\AndroidManifest.xml
		ADDED from src\main\AndroidManifest.xml
		INJECTED from src\main\AndroidManifest.xml